<?xml version="1.0" encoding="UTF-8"?>
<coverage generated="1779560984444" clover="3.2.0">
  <project timestamp="1779560984444" name="All files">
    <metrics statements="50" coveredstatements="50" conditionals="14" coveredconditionals="13" methods="30" coveredmethods="30" elements="94" coveredelements="93" complexity="0" loc="50" ncloc="50" packages="1" files="3" classes="3"/>
    <file name="PresetScenes.ts" path="/home/hermes/projects/todolist/src/store/PresetScenes.ts">
      <metrics statements="3" coveredstatements="3" conditionals="2" coveredconditionals="2" methods="2" coveredmethods="2"/>
      <line num="16" count="1" type="stmt"/>
      <line num="41" count="4" type="stmt"/>
      <line num="42" count="2" type="cond" truecount="2" falsecount="0"/>
    </file>
    <file name="SmartSorter.ts" path="/home/hermes/projects/todolist/src/store/SmartSorter.ts">
      <metrics statements="29" coveredstatements="29" conditionals="5" coveredconditionals="5" methods="14" coveredmethods="14"/>
      <line num="21" count="1" type="stmt"/>
      <line num="27" count="1" type="stmt"/>
      <line num="35" count="14" type="stmt"/>
      <line num="38" count="14" type="stmt"/>
      <line num="42" count="1" type="stmt"/>
      <line num="46" count="2" type="stmt"/>
      <line num="50" count="2" type="stmt"/>
      <line num="54" count="1" type="stmt"/>
      <line num="58" count="3" type="stmt"/>
      <line num="66" count="7" type="stmt"/>
      <line num="67" count="7" type="stmt"/>
      <line num="68" count="7" type="stmt"/>
      <line num="70" count="7" type="stmt"/>
      <line num="81" count="16" type="cond" truecount="2" falsecount="0"/>
      <line num="82" count="13" type="stmt"/>
      <line num="83" count="13" type="stmt"/>
      <line num="84" count="13" type="stmt"/>
      <line num="85" count="13" type="stmt"/>
      <line num="86" count="13" type="stmt"/>
      <line num="93" count="7" type="stmt"/>
      <line num="94" count="7" type="stmt"/>
      <line num="95" count="7" type="stmt"/>
      <line num="102" count="3" type="stmt"/>
      <line num="103" count="4" type="stmt"/>
      <line num="108" count="2" type="stmt"/>
      <line num="116" count="2" type="cond" truecount="2" falsecount="0"/>
      <line num="118" count="2" type="stmt"/>
      <line num="124" count="1" type="stmt"/>
      <line num="129" count="1" type="stmt"/>
    </file>
    <file name="tagStore.ts" path="/home/hermes/projects/todolist/src/store/tagStore.ts">
      <metrics statements="18" coveredstatements="18" conditionals="7" coveredconditionals="6" methods="14" coveredmethods="14"/>
      <line num="15" count="1" type="stmt"/>
      <line num="32" count="1" type="stmt"/>
      <line num="51" count="1" type="stmt"/>
      <line num="53" count="1" type="stmt"/>
      <line num="57" count="2" type="stmt"/>
      <line num="58" count="2" type="cond" truecount="2" falsecount="0"/>
      <line num="59" count="1" type="stmt"/>
      <line num="64" count="7" type="stmt"/>
      <line num="65" count="7" type="stmt"/>
      <line num="68" count="7" type="stmt"/>
      <line num="72" count="1" type="stmt"/>
      <line num="73" count="1" type="stmt"/>
      <line num="78" count="1" type="stmt"/>
      <line num="80" count="1" type="cond" truecount="1" falsecount="1"/>
      <line num="86" count="6" type="stmt"/>
      <line num="90" count="2" type="stmt"/>
      <line num="91" count="2" type="cond" truecount="2" falsecount="0"/>
      <line num="92" count="2" type="stmt"/>
    </file>
  </project>
</coverage>
