{"/home/hermes/projects/todolist/src/store/PresetScenes.ts": {"path":"/home/hermes/projects/todolist/src/store/PresetScenes.ts","statementMap":{"0":{"start":{"line":16,"column":44},"end":{"line":38,"column":null}},"1":{"start":{"line":41,"column":16},"end":{"line":41,"column":null}},"2":{"start":{"line":41,"column":40},"end":{"line":41,"column":56}},"3":{"start":{"line":42,"column":2},"end":{"line":42,"column":null}}},"fnMap":{"0":{"name":"applyPreset","decl":{"start":{"line":40,"column":16},"end":{"line":40,"column":28}},"loc":{"start":{"line":40,"column":88},"end":{"line":43,"column":null}},"line":40},"1":{"name":"(anonymous_1)","decl":{"start":{"line":41,"column":30},"end":{"line":41,"column":35}},"loc":{"start":{"line":41,"column":40},"end":{"line":41,"column":56}},"line":41}},"branchMap":{"0":{"loc":{"start":{"line":42,"column":9},"end":{"line":42,"column":null}},"type":"cond-expr","locations":[{"start":{"line":42,"column":17},"end":{"line":42,"column":40}},{"start":{"line":42,"column":40},"end":{"line":42,"column":null}}],"line":42}},"s":{"0":1,"1":2,"2":4,"3":2},"f":{"0":2,"1":4},"b":{"0":[1,1]},"meta":{"lastBranch":1,"lastFunction":2,"lastStatement":4,"seen":{"s:16:44:38:Infinity":0,"f:40:16:40:28":0,"s:41:16:41:Infinity":1,"f:41:30:41:35":1,"s:41:40:41:56":2,"s:42:2:42:Infinity":3,"b:42:17:42:40:42:40:42:Infinity":0}}}
,"/home/hermes/projects/todolist/src/store/SmartSorter.ts": {"path":"/home/hermes/projects/todolist/src/store/SmartSorter.ts","statementMap":{"0":{"start":{"line":21,"column":48},"end":{"line":25,"column":null}},"1":{"start":{"line":27,"column":58},"end":{"line":31,"column":null}},"2":{"start":{"line":35,"column":29},"end":{"line":35,"column":null}},"3":{"start":{"line":38,"column":4},"end":{"line":38,"column":null}},"4":{"start":{"line":42,"column":4},"end":{"line":42,"column":null}},"5":{"start":{"line":46,"column":4},"end":{"line":46,"column":null}},"6":{"start":{"line":50,"column":4},"end":{"line":50,"column":null}},"7":{"start":{"line":54,"column":4},"end":{"line":54,"column":null}},"8":{"start":{"line":58,"column":4},"end":{"line":58,"column":null}},"9":{"start":{"line":66,"column":24},"end":{"line":66,"column":null}},"10":{"start":{"line":67,"column":27},"end":{"line":67,"column":null}},"11":{"start":{"line":68,"column":25},"end":{"line":68,"column":null}},"12":{"start":{"line":70,"column":4},"end":{"line":73,"column":null}},"13":{"start":{"line":81,"column":4},"end":{"line":81,"column":null}},"14":{"start":{"line":81,"column":23},"end":{"line":81,"column":null}},"15":{"start":{"line":82,"column":16},"end":{"line":82,"column":null}},"16":{"start":{"line":83,"column":16},"end":{"line":83,"column":null}},"17":{"start":{"line":84,"column":19},"end":{"line":84,"column":null}},"18":{"start":{"line":85,"column":21},"end":{"line":85,"column":null}},"19":{"start":{"line":86,"column":4},"end":{"line":86,"column":null}},"20":{"start":{"line":93,"column":20},"end":{"line":93,"column":null}},"21":{"start":{"line":94,"column":16},"end":{"line":94,"column":null}},"22":{"start":{"line":95,"column":4},"end":{"line":95,"column":null}},"23":{"start":{"line":102,"column":4},"end":{"line":108,"column":null}},"24":{"start":{"line":103,"column":20},"end":{"line":107,"column":8}},"25":{"start":{"line":108,"column":22},"end":{"line":108,"column":55}},"26":{"start":{"line":116,"column":4},"end":{"line":123,"column":null}},"27":{"start":{"line":118,"column":6},"end":{"line":122,"column":null}},"28":{"start":{"line":118,"column":32},"end":{"line":122,"column":8}},"29":{"start":{"line":124,"column":4},"end":{"line":124,"column":null}},"30":{"start":{"line":129,"column":27},"end":{"line":129,"column":null}}},"fnMap":{"0":{"name":"(anonymous_0)","decl":{"start":{"line":37,"column":2},"end":{"line":37,"column":14}},"loc":{"start":{"line":37,"column":58},"end":{"line":39,"column":null}},"line":37},"1":{"name":"(anonymous_1)","decl":{"start":{"line":41,"column":2},"end":{"line":41,"column":13}},"loc":{"start":{"line":41,"column":39},"end":{"line":43,"column":null}},"line":41},"2":{"name":"(anonymous_2)","decl":{"start":{"line":45,"column":2},"end":{"line":45,"column":32}},"loc":{"start":{"line":45,"column":32},"end":{"line":47,"column":null}},"line":45},"3":{"name":"(anonymous_3)","decl":{"start":{"line":49,"column":2},"end":{"line":49,"column":11}},"loc":{"start":{"line":49,"column":11},"end":{"line":51,"column":null}},"line":49},"4":{"name":"(anonymous_4)","decl":{"start":{"line":53,"column":2},"end":{"line":53,"column":12}},"loc":{"start":{"line":53,"column":12},"end":{"line":55,"column":null}},"line":53},"5":{"name":"(anonymous_5)","decl":{"start":{"line":57,"column":2},"end":{"line":57,"column":23}},"loc":{"start":{"line":57,"column":23},"end":{"line":59,"column":null}},"line":57},"6":{"name":"(anonymous_6)","decl":{"start":{"line":65,"column":2},"end":{"line":65,"column":17}},"loc":{"start":{"line":65,"column":37},"end":{"line":75,"column":null}},"line":65},"7":{"name":"(anonymous_7)","decl":{"start":{"line":80,"column":2},"end":{"line":80,"column":17}},"loc":{"start":{"line":80,"column":37},"end":{"line":87,"column":null}},"line":80},"8":{"name":"(anonymous_8)","decl":{"start":{"line":92,"column":2},"end":{"line":92,"column":18}},"loc":{"start":{"line":92,"column":38},"end":{"line":96,"column":null}},"line":92},"9":{"name":"(anonymous_9)","decl":{"start":{"line":101,"column":2},"end":{"line":101,"column":12}},"loc":{"start":{"line":101,"column":41},"end":{"line":109,"column":null}},"line":101},"10":{"name":"(anonymous_10)","decl":{"start":{"line":103,"column":7},"end":{"line":103,"column":11}},"loc":{"start":{"line":103,"column":20},"end":{"line":107,"column":8}},"line":103},"11":{"name":"(anonymous_11)","decl":{"start":{"line":108,"column":7},"end":{"line":108,"column":13}},"loc":{"start":{"line":108,"column":22},"end":{"line":108,"column":55}},"line":108},"12":{"name":"(anonymous_12)","decl":{"start":{"line":115,"column":2},"end":{"line":115,"column":15}},"loc":{"start":{"line":115,"column":44},"end":{"line":125,"column":null}},"line":115},"13":{"name":"(anonymous_13)","decl":{"start":{"line":118,"column":19},"end":{"line":118,"column":23}},"loc":{"start":{"line":118,"column":32},"end":{"line":122,"column":8}},"line":118}},"branchMap":{"0":{"loc":{"start":{"line":37,"column":14},"end":{"line":37,"column":58}},"type":"default-arg","locations":[{"start":{"line":37,"column":41},"end":{"line":37,"column":58}}],"line":37},"1":{"loc":{"start":{"line":81,"column":4},"end":{"line":81,"column":null}},"type":"if","locations":[{"start":{"line":81,"column":4},"end":{"line":81,"column":null}},{"start":{},"end":{}}],"line":81},"2":{"loc":{"start":{"line":116,"column":4},"end":{"line":123,"column":null}},"type":"if","locations":[{"start":{"line":116,"column":4},"end":{"line":123,"column":null}},{"start":{},"end":{}}],"line":116}},"s":{"0":1,"1":1,"2":14,"3":14,"4":1,"5":2,"6":2,"7":1,"8":3,"9":7,"10":7,"11":7,"12":7,"13":16,"14":3,"15":13,"16":13,"17":13,"18":13,"19":13,"20":7,"21":7,"22":7,"23":3,"24":4,"25":2,"26":2,"27":1,"28":2,"29":1,"30":1},"f":{"0":14,"1":1,"2":2,"3":2,"4":1,"5":3,"6":7,"7":16,"8":7,"9":3,"10":4,"11":2,"12":2,"13":2},"b":{"0":[14],"1":[3,13],"2":[1,1]},"meta":{"lastBranch":3,"lastFunction":14,"lastStatement":31,"seen":{"s:21:48:25:Infinity":0,"s:27:58:31:Infinity":1,"s:35:29:35:Infinity":2,"f:37:2:37:14":0,"b:37:41:37:58":0,"s:38:4:38:Infinity":3,"f:41:2:41:13":1,"s:42:4:42:Infinity":4,"f:45:2:45:32":2,"s:46:4:46:Infinity":5,"f:49:2:49:11":3,"s:50:4:50:Infinity":6,"f:53:2:53:12":4,"s:54:4:54:Infinity":7,"f:57:2:57:23":5,"s:58:4:58:Infinity":8,"f:65:2:65:17":6,"s:66:24:66:Infinity":9,"s:67:27:67:Infinity":10,"s:68:25:68:Infinity":11,"s:70:4:73:Infinity":12,"f:80:2:80:17":7,"b:81:4:81:Infinity:undefined:undefined:undefined:undefined":1,"s:81:4:81:Infinity":13,"s:81:23:81:Infinity":14,"s:82:16:82:Infinity":15,"s:83:16:83:Infinity":16,"s:84:19:84:Infinity":17,"s:85:21:85:Infinity":18,"s:86:4:86:Infinity":19,"f:92:2:92:18":8,"s:93:20:93:Infinity":20,"s:94:16:94:Infinity":21,"s:95:4:95:Infinity":22,"f:101:2:101:12":9,"s:102:4:108:Infinity":23,"f:103:7:103:11":10,"s:103:20:107:8":24,"f:108:7:108:13":11,"s:108:22:108:55":25,"f:115:2:115:15":12,"b:116:4:123:Infinity:undefined:undefined:undefined:undefined":2,"s:116:4:123:Infinity":26,"s:118:6:122:Infinity":27,"f:118:19:118:23":13,"s:118:32:122:8":28,"s:124:4:124:Infinity":29,"s:129:27:129:Infinity":30}}}
,"/home/hermes/projects/todolist/src/store/tagStore.ts": {"path":"/home/hermes/projects/todolist/src/store/tagStore.ts","statementMap":{"0":{"start":{"line":15,"column":38},"end":{"line":24,"column":null}},"1":{"start":{"line":32,"column":41},"end":{"line":37,"column":null}},"2":{"start":{"line":51,"column":6},"end":{"line":99,"column":null}},"3":{"start":{"line":53,"column":19},"end":{"line":94,"column":null}},"4":{"start":{"line":57,"column":25},"end":{"line":57,"column":null}},"5":{"start":{"line":58,"column":8},"end":{"line":60,"column":null}},"6":{"start":{"line":59,"column":10},"end":{"line":59,"column":null}},"7":{"start":{"line":64,"column":19},"end":{"line":64,"column":null}},"8":{"start":{"line":65,"column":8},"end":{"line":67,"column":null}},"9":{"start":{"line":65,"column":22},"end":{"line":67,"column":10}},"10":{"start":{"line":68,"column":8},"end":{"line":68,"column":null}},"11":{"start":{"line":72,"column":8},"end":{"line":74,"column":null}},"12":{"start":{"line":72,"column":22},"end":{"line":74,"column":10}},"13":{"start":{"line":73,"column":39},"end":{"line":73,"column":50}},"14":{"start":{"line":78,"column":8},"end":{"line":82,"column":null}},"15":{"start":{"line":78,"column":22},"end":{"line":82,"column":10}},"16":{"start":{"line":80,"column":12},"end":{"line":80,"column":null}},"17":{"start":{"line":86,"column":8},"end":{"line":86,"column":null}},"18":{"start":{"line":86,"column":36},"end":{"line":86,"column":47}},"19":{"start":{"line":90,"column":20},"end":{"line":90,"column":null}},"20":{"start":{"line":90,"column":41},"end":{"line":90,"column":52}},"21":{"start":{"line":91,"column":20},"end":{"line":91,"column":null}},"22":{"start":{"line":92,"column":8},"end":{"line":92,"column":null}}},"fnMap":{"0":{"name":"(anonymous_0)","decl":{"start":{"line":52,"column":2},"end":{"line":52,"column":null}},"loc":{"start":{"line":53,"column":19},"end":{"line":94,"column":null}},"line":53},"1":{"name":"(anonymous_1)","decl":{"start":{"line":56,"column":6},"end":{"line":56,"column":26}},"loc":{"start":{"line":56,"column":26},"end":{"line":61,"column":null}},"line":56},"2":{"name":"(anonymous_2)","decl":{"start":{"line":63,"column":6},"end":{"line":63,"column":15}},"loc":{"start":{"line":63,"column":40},"end":{"line":69,"column":null}},"line":63},"3":{"name":"(anonymous_3)","decl":{"start":{"line":65,"column":8},"end":{"line":65,"column":12}},"loc":{"start":{"line":65,"column":22},"end":{"line":67,"column":10}},"line":65},"4":{"name":"(anonymous_4)","decl":{"start":{"line":71,"column":6},"end":{"line":71,"column":18}},"loc":{"start":{"line":71,"column":25},"end":{"line":75,"column":null}},"line":71},"5":{"name":"(anonymous_5)","decl":{"start":{"line":72,"column":8},"end":{"line":72,"column":12}},"loc":{"start":{"line":72,"column":22},"end":{"line":74,"column":10}},"line":72},"6":{"name":"(anonymous_6)","decl":{"start":{"line":73,"column":27},"end":{"line":73,"column":34}},"loc":{"start":{"line":73,"column":39},"end":{"line":73,"column":50}},"line":73},"7":{"name":"(anonymous_7)","decl":{"start":{"line":77,"column":6},"end":{"line":77,"column":18}},"loc":{"start":{"line":77,"column":43},"end":{"line":83,"column":null}},"line":77},"8":{"name":"(anonymous_8)","decl":{"start":{"line":78,"column":8},"end":{"line":78,"column":12}},"loc":{"start":{"line":78,"column":22},"end":{"line":82,"column":10}},"line":78},"9":{"name":"(anonymous_9)","decl":{"start":{"line":79,"column":27},"end":{"line":79,"column":31}},"loc":{"start":{"line":80,"column":12},"end":{"line":80,"column":null}},"line":80},"10":{"name":"(anonymous_10)","decl":{"start":{"line":85,"column":6},"end":{"line":85,"column":15}},"loc":{"start":{"line":85,"column":22},"end":{"line":87,"column":null}},"line":85},"11":{"name":"(anonymous_11)","decl":{"start":{"line":86,"column":26},"end":{"line":86,"column":31}},"loc":{"start":{"line":86,"column":36},"end":{"line":86,"column":47}},"line":86},"12":{"name":"(anonymous_12)","decl":{"start":{"line":89,"column":6},"end":{"line":89,"column":17}},"loc":{"start":{"line":89,"column":24},"end":{"line":93,"column":null}},"line":89},"13":{"name":"(anonymous_13)","decl":{"start":{"line":90,"column":31},"end":{"line":90,"column":36}},"loc":{"start":{"line":90,"column":41},"end":{"line":90,"column":52}},"line":90}},"branchMap":{"0":{"loc":{"start":{"line":58,"column":8},"end":{"line":60,"column":null}},"type":"if","locations":[{"start":{"line":58,"column":8},"end":{"line":60,"column":null}},{"start":{},"end":{}}],"line":58},"1":{"loc":{"start":{"line":63,"column":21},"end":{"line":63,"column":40}},"type":"default-arg","locations":[{"start":{"line":63,"column":34},"end":{"line":63,"column":40}}],"line":63},"2":{"loc":{"start":{"line":80,"column":12},"end":{"line":80,"column":null}},"type":"cond-expr","locations":[{"start":{"line":80,"column":26},"end":{"line":80,"column":55}},{"start":{"line":80,"column":55},"end":{"line":80,"column":null}}],"line":80},"3":{"loc":{"start":{"line":91,"column":20},"end":{"line":91,"column":null}},"type":"cond-expr","locations":[{"start":{"line":91,"column":26},"end":{"line":91,"column":43}},{"start":{"line":91,"column":43},"end":{"line":91,"column":null}}],"line":91}},"s":{"0":1,"1":1,"2":1,"3":1,"4":2,"5":2,"6":1,"7":7,"8":7,"9":7,"10":7,"11":1,"12":1,"13":1,"14":1,"15":1,"16":1,"17":6,"18":4,"19":2,"20":1,"21":2,"22":2},"f":{"0":1,"1":2,"2":7,"3":7,"4":1,"5":1,"6":1,"7":1,"8":1,"9":1,"10":6,"11":4,"12":2,"13":1},"b":{"0":[1,1],"1":[7],"2":[1,0],"3":[1,1]},"meta":{"lastBranch":4,"lastFunction":14,"lastStatement":23,"seen":{"s:15:38:24:Infinity":0,"s:32:41:37:Infinity":1,"s:51:6:99:Infinity":2,"f:52:2:52:Infinity":0,"s:53:19:94:Infinity":3,"f:56:6:56:26":1,"s:57:25:57:Infinity":4,"b:58:8:60:Infinity:undefined:undefined:undefined:undefined":0,"s:58:8:60:Infinity":5,"s:59:10:59:Infinity":6,"f:63:6:63:15":2,"b:63:34:63:40":1,"s:64:19:64:Infinity":7,"s:65:8:67:Infinity":8,"f:65:8:65:12":3,"s:65:22:67:10":9,"s:68:8:68:Infinity":10,"f:71:6:71:18":4,"s:72:8:74:Infinity":11,"f:72:8:72:12":5,"s:72:22:74:10":12,"f:73:27:73:34":6,"s:73:39:73:50":13,"f:77:6:77:18":7,"s:78:8:82:Infinity":14,"f:78:8:78:12":8,"s:78:22:82:10":15,"f:79:27:79:31":9,"s:80:12:80:Infinity":16,"b:80:26:80:55:80:55:80:Infinity":2,"f:85:6:85:15":10,"s:86:8:86:Infinity":17,"f:86:26:86:31":11,"s:86:36:86:47":18,"f:89:6:89:17":12,"s:90:20:90:Infinity":19,"f:90:31:90:36":13,"s:90:41:90:52":20,"s:91:20:91:Infinity":21,"b:91:26:91:43:91:43:91:Infinity":3,"s:92:8:92:Infinity":22}}}
}
